0 info it worked if it ends with ok
1 verbose cli [ '/Users/cornelis/Sites/Patterns/.node/bin/node',
1 verbose cli   '/Users/cornelis/Sites/Patterns/.node/bin/npm',
1 verbose cli   'install',
1 verbose cli   'bungle',
1 verbose cli   '--force' ]
2 info using npm@1.2.11
3 info using node@v0.8.20
4 warn using --force I sure hope you know what you are doing.
5 verbose read json /Users/cornelis/Sites/Patterns/package.json
6 verbose read json /Users/cornelis/Sites/Patterns/node_modules/bungle/package.json
7 verbose read json /Users/cornelis/Sites/Patterns/node_modules/commander/package.json
8 verbose read json /Users/cornelis/Sites/Patterns/node_modules/express/package.json
9 verbose read json /Users/cornelis/Sites/Patterns/node_modules/git-rev/package.json
10 verbose read json /Users/cornelis/Sites/Patterns/node_modules/jshint/package.json
11 verbose read json /Users/cornelis/Sites/Patterns/node_modules/pegjs/package.json
12 verbose read json /Users/cornelis/Sites/Patterns/node_modules/phantom-jasmine/package.json
13 verbose read json /Users/cornelis/Sites/Patterns/node_modules/phantomjs/package.json
14 verbose read json /Users/cornelis/Sites/Patterns/node_modules/rimraf/package.json
15 verbose from cache /Users/cornelis/Sites/Patterns/package.json
16 verbose readDependencies using package.json deps
17 verbose cache add [ 'bungle', null ]
18 verbose cache add name=undefined spec="bungle" args=["bungle",null]
19 verbose parsed url { pathname: 'bungle', path: 'bungle', href: 'bungle' }
20 silly lockFile 3b22e1e3-bungle bungle
21 verbose lock bungle /Users/cornelis/.npm/3b22e1e3-bungle.lock
22 silly lockFile 3b22e1e3-bungle bungle
23 silly lockFile 3b22e1e3-bungle bungle
24 verbose addNamed [ 'bungle', '' ]
25 verbose addNamed [ null, '' ]
26 silly lockFile 43483a12-bungle bungle@
27 verbose lock bungle@ /Users/cornelis/.npm/43483a12-bungle.lock
28 silly addNameRange { name: 'bungle', range: '', hasData: false }
29 verbose url raw bungle
30 verbose url resolving [ 'https://registry.npmjs.org/', './bungle' ]
31 verbose url resolved https://registry.npmjs.org/bungle
32 info trying registry request attempt 1 at 12:41:00
33 verbose etag "1204RQ2LXEU73FKFED3A3Q4NR"
34 http GET https://registry.npmjs.org/bungle
35 http 304 https://registry.npmjs.org/bungle
36 silly registry.get cb [ 304,
36 silly registry.get   { server: 'CouchDB/1.3.0 (Erlang OTP/R15B03)',
36 silly registry.get     etag: '"1204RQ2LXEU73FKFED3A3Q4NR"',
36 silly registry.get     date: 'Mon, 05 Aug 2013 10:41:31 GMT',
36 silly registry.get     'content-length': '0' } ]
37 verbose etag bungle from cache
38 silly addNameRange number 2 { name: 'bungle', range: '', hasData: true }
39 silly addNameRange versions [ 'bungle', [ '0.0.0', '0.0.1', '0.0.2' ] ]
40 verbose addNamed [ 'bungle', '0.0.2' ]
41 verbose addNamed [ '0.0.2', '0.0.2' ]
42 silly lockFile 88564bc3-bungle-0-0-2 bungle@0.0.2
43 verbose lock bungle@0.0.2 /Users/cornelis/.npm/88564bc3-bungle-0-0-2.lock
44 silly lockFile c20fcae4-pmjs-org-bungle-bungle-0-0-2-tgz https://registry.npmjs.org/bungle/-/bungle-0.0.2.tgz
45 verbose lock https://registry.npmjs.org/bungle/-/bungle-0.0.2.tgz /Users/cornelis/.npm/c20fcae4-pmjs-org-bungle-bungle-0-0-2-tgz.lock
46 verbose addRemoteTarball [ 'https://registry.npmjs.org/bungle/-/bungle-0.0.2.tgz',
46 verbose addRemoteTarball   '60a71339905df79d497a717a35840bdea8454c92' ]
47 info retry fetch attempt 1 at 12:41:30
48 verbose fetch to= /var/folders/d3/g0lwnhjd5lg6rvwtl1lj4lkh0000gn/T/npm-7587/1375699290720-0.034741831943392754/tmp.tgz
49 http GET https://registry.npmjs.org/bungle/-/bungle-0.0.2.tgz
50 error fetch failed https://registry.npmjs.org/bungle/-/bungle-0.0.2.tgz
51 info retry will retry, error on last attempt: Error: socket hang up
52 info retry fetch attempt 2 at 12:42:01
53 verbose fetch to= /var/folders/d3/g0lwnhjd5lg6rvwtl1lj4lkh0000gn/T/npm-7587/1375699290720-0.034741831943392754/tmp.tgz
54 http GET https://registry.npmjs.org/bungle/-/bungle-0.0.2.tgz
55 http 200 https://registry.npmjs.org/bungle/-/bungle-0.0.2.tgz
56 silly shasum updated bytes 7252
57 info shasum 60a71339905df79d497a717a35840bdea8454c92
57 info shasum /var/folders/d3/g0lwnhjd5lg6rvwtl1lj4lkh0000gn/T/npm-7587/1375699290720-0.034741831943392754/tmp.tgz
58 verbose tar unpack /var/folders/d3/g0lwnhjd5lg6rvwtl1lj4lkh0000gn/T/npm-7587/1375699290720-0.034741831943392754/tmp.tgz
59 silly lockFile 20c4b681-720-0-034741831943392754-package /var/folders/d3/g0lwnhjd5lg6rvwtl1lj4lkh0000gn/T/npm-7587/1375699290720-0.034741831943392754/package
60 verbose lock /var/folders/d3/g0lwnhjd5lg6rvwtl1lj4lkh0000gn/T/npm-7587/1375699290720-0.034741831943392754/package /Users/cornelis/.npm/20c4b681-720-0-034741831943392754-package.lock
61 silly lockFile 37b2bea5-720-0-034741831943392754-tmp-tgz /var/folders/d3/g0lwnhjd5lg6rvwtl1lj4lkh0000gn/T/npm-7587/1375699290720-0.034741831943392754/tmp.tgz
62 verbose lock /var/folders/d3/g0lwnhjd5lg6rvwtl1lj4lkh0000gn/T/npm-7587/1375699290720-0.034741831943392754/tmp.tgz /Users/cornelis/.npm/37b2bea5-720-0-034741831943392754-tmp-tgz.lock
63 silly gunzTarPerm modes [ '755', '644' ]
64 silly gunzTarPerm extractEntry package.json
65 silly gunzTarPerm extractEntry .npmignore
66 silly gunzTarPerm extractEntry README.md
67 silly gunzTarPerm extractEntry index.js
68 silly gunzTarPerm extractEntry .jshintrc
69 silly gunzTarPerm extractEntry bin/bungle
70 silly gunzTarPerm extractEntry lib/actions.js
71 silly gunzTarPerm extractEntry lib/deprepo.js
72 silly gunzTarPerm extractEntry lib/download.js
73 silly gunzTarPerm extractEntry lib/specrepo.js
74 silly gunzTarPerm extractEntry lib/utils.js
75 verbose read json /var/folders/d3/g0lwnhjd5lg6rvwtl1lj4lkh0000gn/T/npm-7587/1375699290720-0.034741831943392754/package/package.json
76 silly lockFile 20c4b681-720-0-034741831943392754-package /var/folders/d3/g0lwnhjd5lg6rvwtl1lj4lkh0000gn/T/npm-7587/1375699290720-0.034741831943392754/package
77 silly lockFile 20c4b681-720-0-034741831943392754-package /var/folders/d3/g0lwnhjd5lg6rvwtl1lj4lkh0000gn/T/npm-7587/1375699290720-0.034741831943392754/package
78 silly lockFile 37b2bea5-720-0-034741831943392754-tmp-tgz /var/folders/d3/g0lwnhjd5lg6rvwtl1lj4lkh0000gn/T/npm-7587/1375699290720-0.034741831943392754/tmp.tgz
79 silly lockFile 37b2bea5-720-0-034741831943392754-tmp-tgz /var/folders/d3/g0lwnhjd5lg6rvwtl1lj4lkh0000gn/T/npm-7587/1375699290720-0.034741831943392754/tmp.tgz
80 verbose from cache /var/folders/d3/g0lwnhjd5lg6rvwtl1lj4lkh0000gn/T/npm-7587/1375699290720-0.034741831943392754/package/package.json
81 verbose tar pack [ '/Users/cornelis/.npm/bungle/0.0.2/package.tgz',
81 verbose tar pack   '/var/folders/d3/g0lwnhjd5lg6rvwtl1lj4lkh0000gn/T/npm-7587/1375699290720-0.034741831943392754/package' ]
82 verbose tarball /Users/cornelis/.npm/bungle/0.0.2/package.tgz
83 verbose folder /var/folders/d3/g0lwnhjd5lg6rvwtl1lj4lkh0000gn/T/npm-7587/1375699290720-0.034741831943392754/package
84 silly lockFile 20c4b681-720-0-034741831943392754-package /var/folders/d3/g0lwnhjd5lg6rvwtl1lj4lkh0000gn/T/npm-7587/1375699290720-0.034741831943392754/package
85 verbose lock /var/folders/d3/g0lwnhjd5lg6rvwtl1lj4lkh0000gn/T/npm-7587/1375699290720-0.034741831943392754/package /Users/cornelis/.npm/20c4b681-720-0-034741831943392754-package.lock
86 silly lockFile 9ad0083b-lis-npm-bungle-0-0-2-package-tgz /Users/cornelis/.npm/bungle/0.0.2/package.tgz
87 verbose lock /Users/cornelis/.npm/bungle/0.0.2/package.tgz /Users/cornelis/.npm/9ad0083b-lis-npm-bungle-0-0-2-package-tgz.lock
88 silly lockFile 20c4b681-720-0-034741831943392754-package /var/folders/d3/g0lwnhjd5lg6rvwtl1lj4lkh0000gn/T/npm-7587/1375699290720-0.034741831943392754/package
89 silly lockFile 20c4b681-720-0-034741831943392754-package /var/folders/d3/g0lwnhjd5lg6rvwtl1lj4lkh0000gn/T/npm-7587/1375699290720-0.034741831943392754/package
90 silly lockFile 9ad0083b-lis-npm-bungle-0-0-2-package-tgz /Users/cornelis/.npm/bungle/0.0.2/package.tgz
91 silly lockFile 9ad0083b-lis-npm-bungle-0-0-2-package-tgz /Users/cornelis/.npm/bungle/0.0.2/package.tgz
92 silly lockFile 589c1254-ornelis-npm-bungle-0-0-2-package /Users/cornelis/.npm/bungle/0.0.2/package
93 verbose lock /Users/cornelis/.npm/bungle/0.0.2/package /Users/cornelis/.npm/589c1254-ornelis-npm-bungle-0-0-2-package.lock
94 silly lockFile 589c1254-ornelis-npm-bungle-0-0-2-package /Users/cornelis/.npm/bungle/0.0.2/package
95 silly lockFile 589c1254-ornelis-npm-bungle-0-0-2-package /Users/cornelis/.npm/bungle/0.0.2/package
96 verbose tar unpack /Users/cornelis/.npm/bungle/0.0.2/package.tgz
97 silly lockFile 589c1254-ornelis-npm-bungle-0-0-2-package /Users/cornelis/.npm/bungle/0.0.2/package
98 verbose lock /Users/cornelis/.npm/bungle/0.0.2/package /Users/cornelis/.npm/589c1254-ornelis-npm-bungle-0-0-2-package.lock
99 silly lockFile 9ad0083b-lis-npm-bungle-0-0-2-package-tgz /Users/cornelis/.npm/bungle/0.0.2/package.tgz
100 verbose lock /Users/cornelis/.npm/bungle/0.0.2/package.tgz /Users/cornelis/.npm/9ad0083b-lis-npm-bungle-0-0-2-package-tgz.lock
101 silly gunzTarPerm modes [ '755', '644' ]
102 silly gunzTarPerm extractEntry package.json
103 silly gunzTarPerm extractEntry .npmignore
104 silly gunzTarPerm extractEntry README.md
105 silly gunzTarPerm extractEntry index.js
106 silly gunzTarPerm extractEntry .jshintrc
107 silly gunzTarPerm extractEntry bin/bungle
108 silly gunzTarPerm extractEntry lib/actions.js
109 silly gunzTarPerm extractEntry lib/deprepo.js
110 silly gunzTarPerm extractEntry lib/download.js
111 silly gunzTarPerm extractEntry lib/specrepo.js
112 silly gunzTarPerm extractEntry lib/utils.js
113 verbose read json /Users/cornelis/.npm/bungle/0.0.2/package/package.json
114 silly lockFile 589c1254-ornelis-npm-bungle-0-0-2-package /Users/cornelis/.npm/bungle/0.0.2/package
115 silly lockFile 589c1254-ornelis-npm-bungle-0-0-2-package /Users/cornelis/.npm/bungle/0.0.2/package
116 silly lockFile 9ad0083b-lis-npm-bungle-0-0-2-package-tgz /Users/cornelis/.npm/bungle/0.0.2/package.tgz
117 silly lockFile 9ad0083b-lis-npm-bungle-0-0-2-package-tgz /Users/cornelis/.npm/bungle/0.0.2/package.tgz
118 silly shasum updated bytes 7258
119 info shasum f017a626496fd848312c058d41cab999693f6d8a
119 info shasum /Users/cornelis/.npm/bungle/0.0.2/package.tgz
120 verbose from cache /Users/cornelis/.npm/bungle/0.0.2/package/package.json
121 verbose chmod /Users/cornelis/.npm/bungle/0.0.2/package.tgz 644
122 verbose chown /Users/cornelis/.npm/bungle/0.0.2/package.tgz [ 501, 20 ]
123 silly lockFile c20fcae4-pmjs-org-bungle-bungle-0-0-2-tgz https://registry.npmjs.org/bungle/-/bungle-0.0.2.tgz
124 silly lockFile c20fcae4-pmjs-org-bungle-bungle-0-0-2-tgz https://registry.npmjs.org/bungle/-/bungle-0.0.2.tgz
125 silly lockFile 88564bc3-bungle-0-0-2 bungle@0.0.2
126 silly lockFile 88564bc3-bungle-0-0-2 bungle@0.0.2
127 silly lockFile 43483a12-bungle bungle@
128 silly lockFile 43483a12-bungle bungle@
129 silly resolved [ { name: 'bungle',
129 silly resolved     version: '0.0.2',
129 silly resolved     description: 'Bungle is a package manager for javascript browser applications.',
129 silly resolved     maintainers: [ [Object] ],
129 silly resolved     dependencies:
129 silly resolved      { almond: '>=0.2.4',
129 silly resolved        async: '>=0.2.5',
129 silly resolved        commander: '>=1.1.1',
129 silly resolved        request: '>=2.12.0',
129 silly resolved        requirejs: '>=2.1.2',
129 silly resolved        rimraf: '>=2.1.4',
129 silly resolved        tar: '>=0.1.16',
129 silly resolved        'adm-zip': '>=0.4.3',
129 silly resolved        unzip: '>=0.1.8' },
129 silly resolved     repository: { type: 'git', url: 'http://github.com/bunglejs/bungle.git' },
129 silly resolved     bugs: { url: 'http://github.com/bunglejs/bungle/issues' },
129 silly resolved     bin: { bungle: './bin/bungle' },
129 silly resolved     readmeFilename: 'README.md',
129 silly resolved     main: 'index.js',
129 silly resolved     devDependencies: {},
129 silly resolved     scripts: { test: 'exit 0' },
129 silly resolved     author: { name: 'Marko Durkovic' },
129 silly resolved     license: 'MIT',
129 silly resolved     readme: 'bungle\n======',
129 silly resolved     _id: 'bungle@0.0.2',
129 silly resolved     dist: { shasum: 'f017a626496fd848312c058d41cab999693f6d8a' },
129 silly resolved     _from: 'bungle@',
129 silly resolved     _resolved: 'https://registry.npmjs.org/bungle/-/bungle-0.0.2.tgz' } ]
130 info install bungle@0.0.2 into /Users/cornelis/Sites/Patterns
131 info installOne bungle@0.0.2
132 verbose from cache /Users/cornelis/.npm/bungle/0.0.2/package/package.json
133 info /Users/cornelis/Sites/Patterns/node_modules/bungle unbuild
134 verbose from cache /Users/cornelis/Sites/Patterns/node_modules/bungle/package.json
135 info preuninstall bungle@0.0.2
136 info uninstall bungle@0.0.2
137 verbose true,/Users/cornelis/Sites/Patterns/node_modules,/Users/cornelis/Sites/Patterns/node_modules unbuild bungle@0.0.2
138 verbose /Users/cornelis/Sites/Patterns/node_modules/.bin,[object Object] binRoot
139 info postuninstall bungle@0.0.2
140 verbose tar unpack /Users/cornelis/.npm/bungle/0.0.2/package.tgz
141 silly lockFile 293c1285-tes-Patterns-node-modules-bungle /Users/cornelis/Sites/Patterns/node_modules/bungle
142 verbose lock /Users/cornelis/Sites/Patterns/node_modules/bungle /Users/cornelis/.npm/293c1285-tes-Patterns-node-modules-bungle.lock
143 silly lockFile 9ad0083b-lis-npm-bungle-0-0-2-package-tgz /Users/cornelis/.npm/bungle/0.0.2/package.tgz
144 verbose lock /Users/cornelis/.npm/bungle/0.0.2/package.tgz /Users/cornelis/.npm/9ad0083b-lis-npm-bungle-0-0-2-package-tgz.lock
145 silly gunzTarPerm modes [ '755', '644' ]
146 silly gunzTarPerm extractEntry package.json
147 silly gunzTarPerm extractEntry .npmignore
148 silly gunzTarPerm extractEntry README.md
149 silly gunzTarPerm extractEntry index.js
150 silly gunzTarPerm extractEntry .jshintrc
151 silly gunzTarPerm extractEntry bin/bungle
152 silly gunzTarPerm extractEntry lib/actions.js
153 silly gunzTarPerm extractEntry lib/deprepo.js
154 silly gunzTarPerm extractEntry lib/download.js
155 silly gunzTarPerm extractEntry lib/specrepo.js
156 silly gunzTarPerm extractEntry lib/utils.js
157 verbose read json /Users/cornelis/Sites/Patterns/node_modules/bungle/package.json
158 silly lockFile 293c1285-tes-Patterns-node-modules-bungle /Users/cornelis/Sites/Patterns/node_modules/bungle
159 silly lockFile 293c1285-tes-Patterns-node-modules-bungle /Users/cornelis/Sites/Patterns/node_modules/bungle
160 silly lockFile 9ad0083b-lis-npm-bungle-0-0-2-package-tgz /Users/cornelis/.npm/bungle/0.0.2/package.tgz
161 silly lockFile 9ad0083b-lis-npm-bungle-0-0-2-package-tgz /Users/cornelis/.npm/bungle/0.0.2/package.tgz
162 info preinstall bungle@0.0.2
163 verbose from cache /Users/cornelis/Sites/Patterns/node_modules/bungle/package.json
164 verbose readDependencies using package.json deps
165 verbose from cache /Users/cornelis/Sites/Patterns/node_modules/bungle/package.json
166 verbose readDependencies using package.json deps
167 verbose cache add [ 'almond@>=0.2.4', null ]
168 verbose cache add name=undefined spec="almond@>=0.2.4" args=["almond@>=0.2.4",null]
169 verbose parsed url { pathname: 'almond@%3E=0.2.4',
169 verbose parsed url   path: 'almond@%3E=0.2.4',
169 verbose parsed url   href: 'almond@%3E=0.2.4' }
170 verbose cache add name="almond" spec=">=0.2.4" args=["almond",">=0.2.4"]
171 verbose parsed url { pathname: '%3E=0.2.4', path: '%3E=0.2.4', href: '%3E=0.2.4' }
172 verbose addNamed [ 'almond', '>=0.2.4' ]
173 verbose addNamed [ null, '>=0.2.4' ]
174 silly lockFile fffa9444-almond-0-2-4 almond@>=0.2.4
175 verbose lock almond@>=0.2.4 /Users/cornelis/.npm/fffa9444-almond-0-2-4.lock
176 verbose cache add [ 'async@>=0.2.5', null ]
177 verbose cache add name=undefined spec="async@>=0.2.5" args=["async@>=0.2.5",null]
178 verbose parsed url { pathname: 'async@%3E=0.2.5',
178 verbose parsed url   path: 'async@%3E=0.2.5',
178 verbose parsed url   href: 'async@%3E=0.2.5' }
179 verbose cache add name="async" spec=">=0.2.5" args=["async",">=0.2.5"]
180 verbose parsed url { pathname: '%3E=0.2.5', path: '%3E=0.2.5', href: '%3E=0.2.5' }
181 verbose addNamed [ 'async', '>=0.2.5' ]
182 verbose addNamed [ null, '>=0.2.5' ]
183 silly lockFile 95b1455b-async-0-2-5 async@>=0.2.5
184 verbose lock async@>=0.2.5 /Users/cornelis/.npm/95b1455b-async-0-2-5.lock
185 silly addNameRange { name: 'almond', range: '>=0.2.4', hasData: false }
186 silly addNameRange { name: 'async', range: '>=0.2.5', hasData: false }
187 verbose cache add [ 'commander@>=1.1.1', null ]
188 verbose cache add name=undefined spec="commander@>=1.1.1" args=["commander@>=1.1.1",null]
189 verbose parsed url { pathname: 'commander@%3E=1.1.1',
189 verbose parsed url   path: 'commander@%3E=1.1.1',
189 verbose parsed url   href: 'commander@%3E=1.1.1' }
190 verbose cache add name="commander" spec=">=1.1.1" args=["commander",">=1.1.1"]
191 verbose parsed url { pathname: '%3E=1.1.1', path: '%3E=1.1.1', href: '%3E=1.1.1' }
192 verbose addNamed [ 'commander', '>=1.1.1' ]
193 verbose addNamed [ null, '>=1.1.1' ]
194 silly lockFile 480db181-commander-1-1-1 commander@>=1.1.1
195 verbose lock commander@>=1.1.1 /Users/cornelis/.npm/480db181-commander-1-1-1.lock
196 verbose cache add [ 'request@>=2.12.0', null ]
197 verbose cache add name=undefined spec="request@>=2.12.0" args=["request@>=2.12.0",null]
198 verbose parsed url { pathname: 'request@%3E=2.12.0',
198 verbose parsed url   path: 'request@%3E=2.12.0',
198 verbose parsed url   href: 'request@%3E=2.12.0' }
199 verbose cache add name="request" spec=">=2.12.0" args=["request",">=2.12.0"]
200 verbose parsed url { pathname: '%3E=2.12.0',
200 verbose parsed url   path: '%3E=2.12.0',
200 verbose parsed url   href: '%3E=2.12.0' }
201 verbose addNamed [ 'request', '>=2.12.0' ]
202 verbose addNamed [ null, '>=2.12.0' ]
203 silly lockFile 60450e87-request-2-12-0 request@>=2.12.0
204 verbose lock request@>=2.12.0 /Users/cornelis/.npm/60450e87-request-2-12-0.lock
205 silly addNameRange { name: 'commander', range: '>=1.1.1', hasData: false }
206 verbose cache add [ 'requirejs@>=2.1.2', null ]
207 verbose cache add name=undefined spec="requirejs@>=2.1.2" args=["requirejs@>=2.1.2",null]
208 verbose parsed url { pathname: 'requirejs@%3E=2.1.2',
208 verbose parsed url   path: 'requirejs@%3E=2.1.2',
208 verbose parsed url   href: 'requirejs@%3E=2.1.2' }
209 verbose cache add name="requirejs" spec=">=2.1.2" args=["requirejs",">=2.1.2"]
210 verbose parsed url { pathname: '%3E=2.1.2', path: '%3E=2.1.2', href: '%3E=2.1.2' }
211 verbose addNamed [ 'requirejs', '>=2.1.2' ]
212 verbose addNamed [ null, '>=2.1.2' ]
213 silly lockFile 06938e42-requirejs-2-1-2 requirejs@>=2.1.2
214 verbose lock requirejs@>=2.1.2 /Users/cornelis/.npm/06938e42-requirejs-2-1-2.lock
215 verbose cache add [ 'rimraf@>=2.1.4', null ]
216 verbose cache add name=undefined spec="rimraf@>=2.1.4" args=["rimraf@>=2.1.4",null]
217 verbose parsed url { pathname: 'rimraf@%3E=2.1.4',
217 verbose parsed url   path: 'rimraf@%3E=2.1.4',
217 verbose parsed url   href: 'rimraf@%3E=2.1.4' }
218 verbose cache add name="rimraf" spec=">=2.1.4" args=["rimraf",">=2.1.4"]
219 verbose parsed url { pathname: '%3E=2.1.4', path: '%3E=2.1.4', href: '%3E=2.1.4' }
220 verbose addNamed [ 'rimraf', '>=2.1.4' ]
221 verbose addNamed [ null, '>=2.1.4' ]
222 silly lockFile 82d2ef5a-rimraf-2-1-4 rimraf@>=2.1.4
223 verbose lock rimraf@>=2.1.4 /Users/cornelis/.npm/82d2ef5a-rimraf-2-1-4.lock
224 silly addNameRange { name: 'request', range: '>=2.12.0', hasData: false }
225 silly addNameRange { name: 'requirejs', range: '>=2.1.2', hasData: false }
226 silly addNameRange { name: 'rimraf', range: '>=2.1.4', hasData: false }
227 verbose url raw almond
228 verbose url resolving [ 'https://registry.npmjs.org/', './almond' ]
229 verbose url resolved https://registry.npmjs.org/almond
230 info trying registry request attempt 1 at 12:42:21
231 verbose etag "5PSH9KEDO2K48JP7WT5V1NKDS"
232 http GET https://registry.npmjs.org/almond
233 verbose url raw async
234 verbose url resolving [ 'https://registry.npmjs.org/', './async' ]
235 verbose url resolved https://registry.npmjs.org/async
236 info trying registry request attempt 1 at 12:42:22
237 verbose etag "6VT36D6J9446HV97TL1KWBHI1"
238 http GET https://registry.npmjs.org/async
239 verbose url raw commander
240 verbose url resolving [ 'https://registry.npmjs.org/', './commander' ]
241 verbose url resolved https://registry.npmjs.org/commander
242 info trying registry request attempt 1 at 12:42:22
243 verbose etag "7QZEFP6Z1RL5BTHV9LG3HR7TK"
244 http GET https://registry.npmjs.org/commander
245 verbose url raw requirejs
246 verbose url resolving [ 'https://registry.npmjs.org/', './requirejs' ]
247 verbose url resolved https://registry.npmjs.org/requirejs
248 info trying registry request attempt 1 at 12:42:22
249 verbose etag "BAZWL2P1HMKFD0IXXH02YV688"
250 http GET https://registry.npmjs.org/requirejs
251 verbose url raw rimraf
252 verbose url resolving [ 'https://registry.npmjs.org/', './rimraf' ]
253 verbose url resolved https://registry.npmjs.org/rimraf
254 info trying registry request attempt 1 at 12:42:22
255 verbose etag "50X3LWQDSY1SAULXQ7QRKW4PE"
256 http GET https://registry.npmjs.org/rimraf
257 verbose url raw request
258 verbose url resolving [ 'https://registry.npmjs.org/', './request' ]
259 verbose url resolved https://registry.npmjs.org/request
260 info trying registry request attempt 1 at 12:42:22
261 verbose etag "EAONGIF4OSBAKDTQ3KSR768RP"
262 http GET https://registry.npmjs.org/request
263 verbose cache add [ 'tar@>=0.1.16', null ]
264 verbose cache add name=undefined spec="tar@>=0.1.16" args=["tar@>=0.1.16",null]
265 verbose parsed url { pathname: 'tar@%3E=0.1.16',
265 verbose parsed url   path: 'tar@%3E=0.1.16',
265 verbose parsed url   href: 'tar@%3E=0.1.16' }
266 verbose cache add name="tar" spec=">=0.1.16" args=["tar",">=0.1.16"]
267 verbose parsed url { pathname: '%3E=0.1.16',
267 verbose parsed url   path: '%3E=0.1.16',
267 verbose parsed url   href: '%3E=0.1.16' }
268 verbose addNamed [ 'tar', '>=0.1.16' ]
269 verbose addNamed [ null, '>=0.1.16' ]
270 silly lockFile abacbe7d-tar-0-1-16 tar@>=0.1.16
271 verbose lock tar@>=0.1.16 /Users/cornelis/.npm/abacbe7d-tar-0-1-16.lock
272 verbose cache add [ 'adm-zip@>=0.4.3', null ]
273 verbose cache add name=undefined spec="adm-zip@>=0.4.3" args=["adm-zip@>=0.4.3",null]
274 verbose parsed url { pathname: 'adm-zip@%3E=0.4.3',
274 verbose parsed url   path: 'adm-zip@%3E=0.4.3',
274 verbose parsed url   href: 'adm-zip@%3E=0.4.3' }
275 verbose cache add name="adm-zip" spec=">=0.4.3" args=["adm-zip",">=0.4.3"]
276 verbose parsed url { pathname: '%3E=0.4.3', path: '%3E=0.4.3', href: '%3E=0.4.3' }
277 verbose addNamed [ 'adm-zip', '>=0.4.3' ]
278 verbose addNamed [ null, '>=0.4.3' ]
279 silly lockFile 85aebe73-adm-zip-0-4-3 adm-zip@>=0.4.3
280 verbose lock adm-zip@>=0.4.3 /Users/cornelis/.npm/85aebe73-adm-zip-0-4-3.lock
281 verbose cache add [ 'unzip@>=0.1.8', null ]
282 verbose cache add name=undefined spec="unzip@>=0.1.8" args=["unzip@>=0.1.8",null]
283 verbose parsed url { pathname: 'unzip@%3E=0.1.8',
283 verbose parsed url   path: 'unzip@%3E=0.1.8',
283 verbose parsed url   href: 'unzip@%3E=0.1.8' }
284 verbose cache add name="unzip" spec=">=0.1.8" args=["unzip",">=0.1.8"]
285 verbose parsed url { pathname: '%3E=0.1.8', path: '%3E=0.1.8', href: '%3E=0.1.8' }
286 verbose addNamed [ 'unzip', '>=0.1.8' ]
287 verbose addNamed [ null, '>=0.1.8' ]
288 silly lockFile 52860824-unzip-0-1-8 unzip@>=0.1.8
289 verbose lock unzip@>=0.1.8 /Users/cornelis/.npm/52860824-unzip-0-1-8.lock
290 silly addNameRange { name: 'tar', range: '>=0.1.16', hasData: false }
291 silly addNameRange { name: 'adm-zip', range: '>=0.4.3', hasData: false }
292 silly addNameRange { name: 'unzip', range: '>=0.1.8', hasData: false }
293 verbose url raw tar
294 verbose url resolving [ 'https://registry.npmjs.org/', './tar' ]
295 verbose url resolved https://registry.npmjs.org/tar
296 info trying registry request attempt 1 at 12:42:22
297 verbose etag "COY2XZDBERUPVA4VTZR9ISQSZ"
298 http GET https://registry.npmjs.org/tar
299 verbose url raw adm-zip
300 verbose url resolving [ 'https://registry.npmjs.org/', './adm-zip' ]
301 verbose url resolved https://registry.npmjs.org/adm-zip
302 info trying registry request attempt 1 at 12:42:22
303 verbose etag "DEWMC58B79MYHNRIX3C4LEL47"
304 http GET https://registry.npmjs.org/adm-zip
305 verbose url raw unzip
306 verbose url resolving [ 'https://registry.npmjs.org/', './unzip' ]
307 verbose url resolved https://registry.npmjs.org/unzip
308 info trying registry request attempt 1 at 12:42:22
309 verbose etag "7AUN84UOFYLWCKP7ZGWE0L78G"
310 http GET https://registry.npmjs.org/unzip
311 info retry will retry, error on last attempt: Error: socket hang up
312 info retry will retry, error on last attempt: Error: socket hang up
313 info retry will retry, error on last attempt: Error: socket hang up
314 info retry will retry, error on last attempt: Error: socket hang up
315 info retry will retry, error on last attempt: Error: socket hang up
316 http 304 https://registry.npmjs.org/adm-zip
317 silly registry.get cb [ 304,
317 silly registry.get   { server: 'CouchDB/1.3.0 (Erlang OTP/R15B03)',
317 silly registry.get     etag: '"DEWMC58B79MYHNRIX3C4LEL47"',
317 silly registry.get     date: 'Mon, 05 Aug 2013 10:42:45 GMT',
317 silly registry.get     'content-length': '0' } ]
318 verbose etag adm-zip from cache
319 http 304 https://registry.npmjs.org/unzip
320 silly registry.get cb [ 304,
320 silly registry.get   { server: 'CouchDB/1.3.0 (Erlang OTP/R15B03)',
320 silly registry.get     etag: '"7AUN84UOFYLWCKP7ZGWE0L78G"',
320 silly registry.get     date: 'Mon, 05 Aug 2013 10:42:45 GMT',
320 silly registry.get     'content-length': '0' } ]
321 verbose etag unzip from cache
322 silly addNameRange number 2 { name: 'adm-zip', range: '>=0.4.3', hasData: true }
323 silly addNameRange versions [ 'adm-zip',
323 silly addNameRange   [ '0.1.1',
323 silly addNameRange     '0.1.2',
323 silly addNameRange     '0.1.3',
323 silly addNameRange     '0.1.4',
323 silly addNameRange     '0.1.5',
323 silly addNameRange     '0.1.6',
323 silly addNameRange     '0.1.7',
323 silly addNameRange     '0.1.8',
323 silly addNameRange     '0.1.9',
323 silly addNameRange     '0.2.0',
323 silly addNameRange     '0.2.1',
323 silly addNameRange     '0.4.3' ] ]
324 verbose addNamed [ 'adm-zip', '0.4.3' ]
325 verbose addNamed [ '0.4.3', '0.4.3' ]
326 silly lockFile db902cdf-adm-zip-0-4-3 adm-zip@0.4.3
327 verbose lock adm-zip@0.4.3 /Users/cornelis/.npm/db902cdf-adm-zip-0-4-3.lock
328 silly lockFile 918c9c0c-js-org-adm-zip-adm-zip-0-4-3-tgz https://registry.npmjs.org/adm-zip/-/adm-zip-0.4.3.tgz
329 verbose lock https://registry.npmjs.org/adm-zip/-/adm-zip-0.4.3.tgz /Users/cornelis/.npm/918c9c0c-js-org-adm-zip-adm-zip-0-4-3-tgz.lock
330 verbose addRemoteTarball [ 'https://registry.npmjs.org/adm-zip/-/adm-zip-0.4.3.tgz',
330 verbose addRemoteTarball   '28d6a3809abb7845a0ffa38f9fff455c2c6f6f6c' ]
331 silly addNameRange number 2 { name: 'unzip', range: '>=0.1.8', hasData: true }
332 silly addNameRange versions [ 'unzip',
332 silly addNameRange   [ '0.0.1',
332 silly addNameRange     '0.0.2',
332 silly addNameRange     '0.0.3',
332 silly addNameRange     '0.0.4',
332 silly addNameRange     '0.1.0',
332 silly addNameRange     '0.1.1',
332 silly addNameRange     '0.1.2',
332 silly addNameRange     '0.1.3',
332 silly addNameRange     '0.1.4',
332 silly addNameRange     '0.1.5',
332 silly addNameRange     '0.1.6-alpha',
332 silly addNameRange     '0.1.6',
332 silly addNameRange     '0.1.7',
332 silly addNameRange     '0.1.8' ] ]
333 verbose addNamed [ 'unzip', '0.1.8' ]
334 verbose addNamed [ '0.1.8', '0.1.8' ]
335 silly lockFile 8581558e-unzip-0-1-8 unzip@0.1.8
336 verbose lock unzip@0.1.8 /Users/cornelis/.npm/8581558e-unzip-0-1-8.lock
337 info retry fetch attempt 1 at 12:42:44
338 verbose fetch to= /var/folders/d3/g0lwnhjd5lg6rvwtl1lj4lkh0000gn/T/npm-7587/1375699364028-0.05895347520709038/tmp.tgz
339 silly lockFile 8d03336f--npmjs-org-unzip-unzip-0-1-8-tgz https://registry.npmjs.org/unzip/-/unzip-0.1.8.tgz
340 verbose lock https://registry.npmjs.org/unzip/-/unzip-0.1.8.tgz /Users/cornelis/.npm/8d03336f--npmjs-org-unzip-unzip-0-1-8-tgz.lock
341 verbose addRemoteTarball [ 'https://registry.npmjs.org/unzip/-/unzip-0.1.8.tgz',
341 verbose addRemoteTarball   'b6ca171798242150b06fca320544592231aeb158' ]
342 http GET https://registry.npmjs.org/adm-zip/-/adm-zip-0.4.3.tgz
343 info retry fetch attempt 1 at 12:42:44
344 verbose fetch to= /var/folders/d3/g0lwnhjd5lg6rvwtl1lj4lkh0000gn/T/npm-7587/1375699364029-0.46304947859607637/tmp.tgz
345 http GET https://registry.npmjs.org/unzip/-/unzip-0.1.8.tgz
346 http 304 https://registry.npmjs.org/tar
347 silly registry.get cb [ 304,
347 silly registry.get   { server: 'CouchDB/1.3.0 (Erlang OTP/R15B03)',
347 silly registry.get     etag: '"COY2XZDBERUPVA4VTZR9ISQSZ"',
347 silly registry.get     date: 'Mon, 05 Aug 2013 10:42:45 GMT',
347 silly registry.get     'content-length': '0' } ]
348 verbose etag tar from cache
349 silly addNameRange number 2 { name: 'tar', range: '>=0.1.16', hasData: true }
350 silly addNameRange versions [ 'tar',
350 silly addNameRange   [ '0.0.1',
350 silly addNameRange     '0.1.0',
350 silly addNameRange     '0.1.2',
350 silly addNameRange     '0.1.3',
350 silly addNameRange     '0.1.4',
350 silly addNameRange     '0.1.5',
350 silly addNameRange     '0.1.6',
350 silly addNameRange     '0.1.7',
350 silly addNameRange     '0.1.8',
350 silly addNameRange     '0.1.9',
350 silly addNameRange     '0.1.10',
350 silly addNameRange     '0.1.11',
350 silly addNameRange     '0.1.12',
350 silly addNameRange     '0.1.13',
350 silly addNameRange     '0.1.14',
350 silly addNameRange     '0.1.15',
350 silly addNameRange     '0.1.16',
350 silly addNameRange     '0.1.17',
350 silly addNameRange     '0.1.18' ] ]
351 verbose addNamed [ 'tar', '0.1.18' ]
352 verbose addNamed [ '0.1.18', '0.1.18' ]
353 silly lockFile 5ab94043-tar-0-1-18 tar@0.1.18
354 verbose lock tar@0.1.18 /Users/cornelis/.npm/5ab94043-tar-0-1-18.lock
355 silly lockFile 2d2d4ec0-try-npmjs-org-tar-tar-0-1-18-tgz https://registry.npmjs.org/tar/-/tar-0.1.18.tgz
356 verbose lock https://registry.npmjs.org/tar/-/tar-0.1.18.tgz /Users/cornelis/.npm/2d2d4ec0-try-npmjs-org-tar-tar-0-1-18-tgz.lock
357 verbose addRemoteTarball [ 'https://registry.npmjs.org/tar/-/tar-0.1.18.tgz',
357 verbose addRemoteTarball   'b76c3b23c5e90f9e3e344462f537047c695ba635' ]
358 info retry fetch attempt 1 at 12:42:44
359 verbose fetch to= /var/folders/d3/g0lwnhjd5lg6rvwtl1lj4lkh0000gn/T/npm-7587/1375699364037-0.25800851196981966/tmp.tgz
360 http GET https://registry.npmjs.org/tar/-/tar-0.1.18.tgz
361 http 200 https://registry.npmjs.org/request
362 silly registry.get cb [ 200,
362 silly registry.get   { vary: 'Accept',
362 silly registry.get     server: 'CouchDB/1.3.0 (Erlang OTP/R15B03)',
362 silly registry.get     etag: '"468PAAWZENXNAC028RGWR8HX3"',
362 silly registry.get     date: 'Mon, 05 Aug 2013 10:42:45 GMT',
362 silly registry.get     'content-type': 'application/json',
362 silly registry.get     'content-length': '387671' } ]
363 error Error: write EPIPE
363 error     at errnoException (net.js:770:11)
363 error     at Object.afterWrite (net.js:594:19)
364 error If you need help, you may report this log at:
364 error     <http://github.com/isaacs/npm/issues>
364 error or email it to:
364 error     <npm-@googlegroups.com>
365 error System Darwin 12.4.1
366 error command "/Users/cornelis/Sites/Patterns/.node/bin/node" "/Users/cornelis/Sites/Patterns/.node/bin/npm" "install" "bungle" "--force"
367 error cwd /Users/cornelis/Sites/Patterns
368 error node -v v0.8.20
369 error npm -v 1.2.11
370 error syscall write
371 error code EPIPE
372 error errno EPIPE
373 verbose exit [ 1, true ]
